mode: pintan
rdhtype: 1
hbciVersion: 300
tokenType: pintan
crypt: no
sender: user
gwenhywfar: 5.7.3.0
aqhbci: 6.3.2.0stable
appname: 32F8A67FE34B57AB8D7E4FE70
appversion: 6.3
size: 240

HNSHK:2:4+PIN:1+999+20211016175223+1+1+1::0+1+1:20211016:175223+1:999:1+6:10:16+280:70020270:1935220770:S:0:0'HKIDN:3:2+280:70020270+1935220770+0+1'HKVVB:4:3+75+1+1+32F8A67FE34B57AB8D7E4FE70+6.3'HKSYN:5:3+0'HNSHA:6:2+20211016175223++******'
mode: pintan
rdhtype: 1
hbciVersion: 300
tokenType: pintan
crypt: yes
sender: user
gwenhywfar: 5.7.3.0
aqhbci: 6.3.2.0stable
appname: 32F8A67FE34B57AB8D7E4FE70
appversion: 6.3
size: 403

HNHBK:1:3+000000000403+300+0+1'HNVSK:998:3+PIN:1+998+1+1::0+1:20211016:175227+2:2:13:@8@XXXXXXXX:5:1+280:70020270:1935220770:V:0:0+0'HNVSD:999:1+@240@HNSHK:2:4+PIN:1+999+20211016175223+1+1+1::0+1+1:20211016:175223+1:999:1+6:10:16+280:70020270:1935220770:S:0:0'HKIDN:3:2+280:70020270+1935220770+0+1'HKVVB:4:3+75+1+1+32F8A67FE34B57AB8D7E4FE70+6.3'HKSYN:5:3+0'HNSHA:6:2+20211016175223++******''HNHBS:7:1+1'
mode: pintan
rdhtype: 1
hbciVersion: 300
tokenType: pintan
crypt: yes
sender: bank
gwenhywfar: 5.7.3.0
aqhbci: 6.3.2.0stable
appname: 32F8A67FE34B57AB8D7E4FE70
appversion: 6.3
size: 6793

HNHBK:1:3+000000006793+300+20211016195228047702sGfjIlH3WT+1+20211016195228047702sGfjIlH3WT:1'HNVSK:998:3+PIN:1+998+1+2::202110161952282641570062259574+1:20211016:195228+2:2:13:@3@;-):5:1+280:70020270:1935220770:V:0:0+0'HNVSD:999:1+@6542@HIRMG:2:2+0020::Dialoginitialisierung erfolgreich.+3060::Teilweise liegen Warnungen/Hinweise vor.'HIRMS:3:2:3+0020::Information fehlerfrei entgegengenommen.'HIRMS:4:2:4+1040::BPD nicht mehr aktuell. Aktuelle Version folgt.+3920::Meldung unterstützter Ein- und Zwei-Schritt-Verfahren:904'HIRMS:5:2:5+0020::Auftrag ausgeführt.'HIBPA:6:3:4+1+280:70020270+HypoVereinsbank+0+1+220:300+0+0+0'HIKOM:7:4:4+280:70020270+1+2:hbci.hypovereinsbank.de+3:https?://hbci-01.hypovereinsbank.de/bank/hbci'HISHV:8:3:4+N+RDH:1:3:5:9:10+RAH:9:10+PIN:1'HIKPV:9:1:4+6:1:1:1'HIPINS:10:1:4+1+1+1+6:10:6:Onlinenummer:Onlinenummer:HKPAE:J:DKPAE:J:HKPSP:N:DKPSP:N:HKTLF:J:DKTLF:J:HKTSP:N:DKTSP:N:HKTAZ:N:DKTAZ:N:HKPRO:N:HKKAZ:N:HKSAL:N:HKVDB:J:HKKDM:J:HKAUB:J:BKTAB:N:BKTAL:N:BKTAS:J:BKXTA:J:HKWPD:N:XKDAT:N:XKDOB:N:HKTAN:N:XKDTB:N:XKDTD:J:XKDTF:J:XKDTL:J:HKSPA:N:HKCCS:J:HKCSE:J:HKCSB:N:HKCSL:J:HKCCM:J:HKCME:J:HKDME:J:HKBME:J:HKCUB:N:HKCUM:J:HKDSB:N:HKDSW:J:HKCDE:J:HKCDB:N:HKCDL:J:HKCDN:J:HKCDU:J:XKMIB:N:HKCSU:J:XKDPB:N:HKIPZ:J:HKIPS:N:HKFPB:N:HKBAZ:N:HKZDA:J:HKZDF:J:HKZDL:J:HKFDL:N:HKFDA:N:HKWDU:N:HKWSO:N'DIPINS:11:1:4+1+1+DKPAE:J:DKPSP:N:DKTLF:J:DKTSP:N:DKTAZ:N:HKPRO:N:HKKAZ:N:HKSAL:N:HKVDB:J:HKKDM:J:HKAUB:J:BKTAB:N:BKTAL:N:BKTAS:J:BKXTA:J:HKWPD:N:XKDAT:N:XKDOB:N:HKTAN:N:XKDTB:N:XKDTD:J:XKDTF:J:XKDTL:J:HKSPA:N:HKCCS:J:HKCSE:J:HKCSB:N:HKCSL:J:HKCCM:J:HKCME:J:HKDME:J:HKBME:J:HKCUB:N:HKCUM:J:HKDSB:N:HKDSW:J:HKCDE:J:HKCDB:N:HKCDL:J:HKCDN:J:HKCDU:J:XKMIB:N:HKCSU:J:XKDPB:N:HKIPZ:J:HKIPS:N:HKFPB:N:HKBAZ:N:HKZDA:J:HKZDF:J:HKZDL:J:HKFDL:N:HKFDA:N:HKWDU:N:HKWSO:N'HIPAES:12:1:4+1+1+1'DIPAES:13:1:4+1+1'HIPSPS:14:1:4+1+1+1'DIPSPS:15:1:4+1+1'HITLFS:16:1:4+1+1+1+2'DITLFS:17:1:4+1+1+J'HITSPS:18:1:4+1+1+1+0'DITSPS:19:1:4+1+1+N'HITAZS:20:1:4+1+1+1'DITAZS:21:1:4+1+1'HIPROS:22:2:4+999+1'HIPROS:23:3:4+999+1'HIPROS:24:4:4+999+1+1'HIKAZS:25:4:4+999+1+370:N'HIKAZS:26:5:4+999+1+370:N:N'HIKAZS:27:6:4+999+1+1+370:N:N'HISALS:28:3:4+999+1'HISALS:29:4:4+999+1'HISALS:30:5:4+999+1'HISALS:31:6:4+999+1+1'HIVDBS:32:1:4+999+1+2:Verrechnungsscheck ohne Talon:N:3:Verrechnungsscheck mit Talon:N:4:Barscheck ohne Talon:N:5:Barscheck mit Talon:N:6:Orderscheck ohne Talon:N:7:Orderscheck mit Talon:N'HIVDBS:33:2:4+999+1+2:Verrechnungsscheck ohne Talon:N:3:Verrechnungsscheck mit Talon:N:4:Barscheck ohne Talon:N:5:Barscheck mit Talon:N:6:Orderscheck ohne Talon:N:7:Orderscheck mit Talon:N'HIVDBS:34:3:4+999+1+1+2:Verrechnungsscheck ohne Talon:N:3:Verrechnungsscheck mit Talon:N:4:Barscheck ohne Talon:N:5:Barscheck mit Talon:N:6:Orderscheck ohne Talon:N:7:Orderscheck mit Talon:N'HIKDMS:35:2:4+999+1+350'HIKDMS:36:3:4+999+1+350'HIKDMS:37:4:4+999+1+350'HIKDMS:38:5:4+999+1+1+350'HIAUBS:39:3:4+999+1+1'HIAUBS:40:4:4+999+1+1'HIAUBS:41:5:4+999+1+1'HIAUBS:42:6:4+999+1+1+1'BITABS:43:1:4+999+1+14:HKAUB:HKCCS:HKCCM:HKCSE:HKCME:HKCDD:HKDME:HKBME:XKDTD:XKDTF:HKCUM:HKDSW:HKCDE:HKCDL:HKCDN:HKCDU:HKCSU:HKIPZ:HKZDF:HKZDA'BITALS:44:1:4+999+1'BITASS:45:1:4+999+1'HIWPDS:46:5:4+999+1+N:N:N'HIWPDS:47:6:4+999+1+1+N:N:N'XIDATS:48:1:4+999+1+1'XIDOBS:49:1:4+999+1+30:N:Zweitschrift:Reklamation:Nachforschung'HITANS:50:1:4+1+1+1+N:N:1:0:900:1:01:iTAN-Verfahren(indizierte TAN):6:1:indizierte TAN:256:1:N:N:903:2:03:mobileTAN-Verfahren:6:1:Freigabe durch mobileTAN:1::N:N:904:2:04:appTAN-Verfahren:6:1:Freigabe durch appTAN:1::N:N:905:2:MS1.0.0:photoTAN-Verfahren:6:1:Freigabe durch photoTAN:1::N:N'HITANS:51:4:4+1+1+1+N:N:1:900:1:01:::iTAN-Verfahren(indizierte TAN):6:1:indizierte TAN:256:1:N:4:0:N:N:N:N:N:00:0::903:2:03:::mobileTAN-Verfahren:6:1:Freigabe durch mobileTAN:1::N:1:0:N:N:N:N:N:00:0::904:2:04:::appTAN-Verfahren:6:1:Freigabe durch appTAN:1::N:1:0:N:N:N:N:N:00:0::905:2:MS1.0.0:::photoTAN-Verfahren:6:1:Freigabe durch photoTAN:1::N:1:0:N:N:N:N:N:00:0:'HITANS:52:5:4+1+1+1+N:N:1:900:1:01:::iTAN-Verfahren(indizierte TAN):6:1:indizierte TAN:256:1:N:4:0:N:0:0:N:N:00:0::903:2:03:::mobileTAN-Verfahren:6:1:Freigabe durch mobileTAN:1::N:1:0:N:0:0:N:N:00:0::904:2:04:::appTAN-Verfahren:6:1:Freigabe durch appTAN:1::N:1:0:N:0:0:N:N:00:0::905:2:MS1.0.0:::photoTAN-Verfahren:6:1:Freigabe durch photoTAN:1::N:1:0:N:0:0:N:N:00:0:'HITANS:53:6:4+1+1+1+N:N:1:900:1:01:::iTAN-Verfahren(indizierte TAN):6:1:indizierte TAN:256:N:4:N:0:0:N:N:00:0:N::903:2:03:::mobileTAN-Verfahren:6:1:Freigabe durch mobileTAN:1:N:1:N:0:0:N:N:00:0:N::904:2:04:::appTAN-Verfahren:6:1:Freigabe durch appTAN:1:N:1:N:0:0:N:N:00:0:N::905:2:MS1.0.0:::photoTAN-Verfahren:6:1:Freigabe durch photoTAN:1:N:1:N:0:0:N:N:00:0:N:'XIDTBS:54:2:4+999+1+1+J:J'XIDTDS:55:1:4+999+1+1+15:30'XIDTFS:56:1:4+999+1+1+15:30'XIDTLS:57:1:4+999+1+1'HISPAS:58:1:4+1+1+1+N:N:J:urn?:iso?:std?:iso?:20022?:tech?:xsd?:pain.001.003.03:urn?:iso?:std?:iso?:20022?:tech?:xsd?:pain.001.001.03:urn?:iso?:std?:iso?:20022?:tech?:xsd?:pain.008.003.02:urn?:iso?:std?:iso?:20022?:tech?:xsd?:pain.008.001.02'HICCSS:59:1:4+999+1+1'HICSES:60:1:4+999+1+1+1:90'HICSBS:61:1:4+999+1+1+N:N'HICSLS:62:1:4+999+1+1+J'HICCMS:63:1:4+999+1+1+5000:J:J'HICMES:64:1:4+999+1+1+1:60:5000:J:J'HIDMES:65:1:4+999+1+1+1:60:1:60:5000:J:J'HIDMES:66:2:4+999+1+1+0;0;1;120000:0;0;60:5000:J:J::urn?:iso?:std?:iso?:20022?:tech?:xsd?:pain.008.003.02:urn?:iso?:std?:iso?:20022?:tech?:xsd?:pain.008.001.02'HIBMES:67:1:4+999+1+1+1:60:1:60:5000:J:J'HIBMES:68:2:4+999+1+1+0;1;120000:0;60:5000:J:J::urn?:iso?:std?:iso?:20022?:tech?:xsd?:pain.008.003.02:urn?:iso?:std?:iso?:20022?:tech?:xsd?:pain.008.001.02'HICUBS:69:1:4+999+1+1+N'HICUMS:70:1:4+999+1+1+ACCT:urn?:iso?:std?:iso?:20022?:tech?:xsd?:pain.001.003.03:urn?:iso?:std?:iso?:20022?:tech?:xsd?:pain.001.001.03'HIDSBS:71:1:4+999+1+1+N:J:56'HIDSWS:72:1:4+999+1+1+J'HICDES:73:1:4+999+1+1+2:1:365:0102030612:0102030405060708091011121314151617181920212223242526272829303199'HICDBS:74:1:4+999+1+1+N'HICDLS:75:1:4+999+1+1+1:365:N:J'HICDNS:76:1:4+999+1+1+0:1:365:J:J:J:J:N:N:N:N:J:0102030612:0102030405060708091011121314151617181920212223242526272829303199'HICDUS:77:1:4+999+1+1+1:1:365:1:N:N'XIMIBS:78:1:4+999+1+1+999'HICSUS:79:1:4+999+1+1+ACCT:urn?:iso?:std?:iso?:20022?:tech?:xsd?:pain.001.003.03:urn?:iso?:std?:iso?:20022?:tech?:xsd?:pain.001.001.03'XIDPBS:80:1:4+999+1+1'HIIPZS:81:1:4+990+1+1+:urn?:iso?:std?:iso?:20022?:tech?:xsd?:pain.001.001.03'HIIPSS:82:1:4+990+1+1+3:urn?:iso?:std?:iso?:20022?:tech?:xsd?:pain.001.001.03'HIFPBS:83:2:4+1+1+1+N:N:N'HIBAZS:84:1:4+999+1+1+N:N:N'HIZDAS:85:1:4+999+1+1+30'HIZDFS:86:1:4+999+1+1+30'HIZDLS:87:1:4+999+1+1'HIFDLS:88:3:4+999+1+1+N:370'HIFDAS:89:3:4+999+1+1+1;MT515;SRG 1998:1;MT536;SRG 1998:1;MT566;SRG 1999'HIWDUS:90:5:4+999+1+1+370'HIWSOS:91:5:4+999+1+1+N:J:370'HISYN:92:4:5+202110161952282641570062259574''HNHBS:93:1+1'
mode: pintan
rdhtype: 1
hbciVersion: 300
tokenType: pintan
crypt: no
sender: bank
gwenhywfar: 5.7.3.0
aqhbci: 6.3.2.0stable
appname: 32F8A67FE34B57AB8D7E4FE70
appversion: 6.3
size: 6542

HIRMG:2:2+0020::Dialoginitialisierung erfolgreich.+3060::Teilweise liegen Warnungen/Hinweise vor.'HIRMS:3:2:3+0020::Information fehlerfrei entgegengenommen.'HIRMS:4:2:4+1040::BPD nicht mehr aktuell. Aktuelle Version folgt.+3920::Meldung unterstützter Ein- und Zwei-Schritt-Verfahren:904'HIRMS:5:2:5+0020::Auftrag ausgeführt.'HIBPA:6:3:4+1+280:70020270+HypoVereinsbank+0+1+220:300+0+0+0'HIKOM:7:4:4+280:70020270+1+2:hbci.hypovereinsbank.de+3:https?://hbci-01.hypovereinsbank.de/bank/hbci'HISHV:8:3:4+N+RDH:1:3:5:9:10+RAH:9:10+PIN:1'HIKPV:9:1:4+6:1:1:1'HIPINS:10:1:4+1+1+1+6:10:6:Onlinenummer:Onlinenummer:HKPAE:J:DKPAE:J:HKPSP:N:DKPSP:N:HKTLF:J:DKTLF:J:HKTSP:N:DKTSP:N:HKTAZ:N:DKTAZ:N:HKPRO:N:HKKAZ:N:HKSAL:N:HKVDB:J:HKKDM:J:HKAUB:J:BKTAB:N:BKTAL:N:BKTAS:J:BKXTA:J:HKWPD:N:XKDAT:N:XKDOB:N:HKTAN:N:XKDTB:N:XKDTD:J:XKDTF:J:XKDTL:J:HKSPA:N:HKCCS:J:HKCSE:J:HKCSB:N:HKCSL:J:HKCCM:J:HKCME:J:HKDME:J:HKBME:J:HKCUB:N:HKCUM:J:HKDSB:N:HKDSW:J:HKCDE:J:HKCDB:N:HKCDL:J:HKCDN:J:HKCDU:J:XKMIB:N:HKCSU:J:XKDPB:N:HKIPZ:J:HKIPS:N:HKFPB:N:HKBAZ:N:HKZDA:J:HKZDF:J:HKZDL:J:HKFDL:N:HKFDA:N:HKWDU:N:HKWSO:N'DIPINS:11:1:4+1+1+DKPAE:J:DKPSP:N:DKTLF:J:DKTSP:N:DKTAZ:N:HKPRO:N:HKKAZ:N:HKSAL:N:HKVDB:J:HKKDM:J:HKAUB:J:BKTAB:N:BKTAL:N:BKTAS:J:BKXTA:J:HKWPD:N:XKDAT:N:XKDOB:N:HKTAN:N:XKDTB:N:XKDTD:J:XKDTF:J:XKDTL:J:HKSPA:N:HKCCS:J:HKCSE:J:HKCSB:N:HKCSL:J:HKCCM:J:HKCME:J:HKDME:J:HKBME:J:HKCUB:N:HKCUM:J:HKDSB:N:HKDSW:J:HKCDE:J:HKCDB:N:HKCDL:J:HKCDN:J:HKCDU:J:XKMIB:N:HKCSU:J:XKDPB:N:HKIPZ:J:HKIPS:N:HKFPB:N:HKBAZ:N:HKZDA:J:HKZDF:J:HKZDL:J:HKFDL:N:HKFDA:N:HKWDU:N:HKWSO:N'HIPAES:12:1:4+1+1+1'DIPAES:13:1:4+1+1'HIPSPS:14:1:4+1+1+1'DIPSPS:15:1:4+1+1'HITLFS:16:1:4+1+1+1+2'DITLFS:17:1:4+1+1+J'HITSPS:18:1:4+1+1+1+0'DITSPS:19:1:4+1+1+N'HITAZS:20:1:4+1+1+1'DITAZS:21:1:4+1+1'HIPROS:22:2:4+999+1'HIPROS:23:3:4+999+1'HIPROS:24:4:4+999+1+1'HIKAZS:25:4:4+999+1+370:N'HIKAZS:26:5:4+999+1+370:N:N'HIKAZS:27:6:4+999+1+1+370:N:N'HISALS:28:3:4+999+1'HISALS:29:4:4+999+1'HISALS:30:5:4+999+1'HISALS:31:6:4+999+1+1'HIVDBS:32:1:4+999+1+2:Verrechnungsscheck ohne Talon:N:3:Verrechnungsscheck mit Talon:N:4:Barscheck ohne Talon:N:5:Barscheck mit Talon:N:6:Orderscheck ohne Talon:N:7:Orderscheck mit Talon:N'HIVDBS:33:2:4+999+1+2:Verrechnungsscheck ohne Talon:N:3:Verrechnungsscheck mit Talon:N:4:Barscheck ohne Talon:N:5:Barscheck mit Talon:N:6:Orderscheck ohne Talon:N:7:Orderscheck mit Talon:N'HIVDBS:34:3:4+999+1+1+2:Verrechnungsscheck ohne Talon:N:3:Verrechnungsscheck mit Talon:N:4:Barscheck ohne Talon:N:5:Barscheck mit Talon:N:6:Orderscheck ohne Talon:N:7:Orderscheck mit Talon:N'HIKDMS:35:2:4+999+1+350'HIKDMS:36:3:4+999+1+350'HIKDMS:37:4:4+999+1+350'HIKDMS:38:5:4+999+1+1+350'HIAUBS:39:3:4+999+1+1'HIAUBS:40:4:4+999+1+1'HIAUBS:41:5:4+999+1+1'HIAUBS:42:6:4+999+1+1+1'BITABS:43:1:4+999+1+14:HKAUB:HKCCS:HKCCM:HKCSE:HKCME:HKCDD:HKDME:HKBME:XKDTD:XKDTF:HKCUM:HKDSW:HKCDE:HKCDL:HKCDN:HKCDU:HKCSU:HKIPZ:HKZDF:HKZDA'BITALS:44:1:4+999+1'BITASS:45:1:4+999+1'HIWPDS:46:5:4+999+1+N:N:N'HIWPDS:47:6:4+999+1+1+N:N:N'XIDATS:48:1:4+999+1+1'XIDOBS:49:1:4+999+1+30:N:Zweitschrift:Reklamation:Nachforschung'HITANS:50:1:4+1+1+1+N:N:1:0:900:1:01:iTAN-Verfahren(indizierte TAN):6:1:indizierte TAN:256:1:N:N:903:2:03:mobileTAN-Verfahren:6:1:Freigabe durch mobileTAN:1::N:N:904:2:04:appTAN-Verfahren:6:1:Freigabe durch appTAN:1::N:N:905:2:MS1.0.0:photoTAN-Verfahren:6:1:Freigabe durch photoTAN:1::N:N'HITANS:51:4:4+1+1+1+N:N:1:900:1:01:::iTAN-Verfahren(indizierte TAN):6:1:indizierte TAN:256:1:N:4:0:N:N:N:N:N:00:0::903:2:03:::mobileTAN-Verfahren:6:1:Freigabe durch mobileTAN:1::N:1:0:N:N:N:N:N:00:0::904:2:04:::appTAN-Verfahren:6:1:Freigabe durch appTAN:1::N:1:0:N:N:N:N:N:00:0::905:2:MS1.0.0:::photoTAN-Verfahren:6:1:Freigabe durch photoTAN:1::N:1:0:N:N:N:N:N:00:0:'HITANS:52:5:4+1+1+1+N:N:1:900:1:01:::iTAN-Verfahren(indizierte TAN):6:1:indizierte TAN:256:1:N:4:0:N:0:0:N:N:00:0::903:2:03:::mobileTAN-Verfahren:6:1:Freigabe durch mobileTAN:1::N:1:0:N:0:0:N:N:00:0::904:2:04:::appTAN-Verfahren:6:1:Freigabe durch appTAN:1::N:1:0:N:0:0:N:N:00:0::905:2:MS1.0.0:::photoTAN-Verfahren:6:1:Freigabe durch photoTAN:1::N:1:0:N:0:0:N:N:00:0:'HITANS:53:6:4+1+1+1+N:N:1:900:1:01:::iTAN-Verfahren(indizierte TAN):6:1:indizierte TAN:256:N:4:N:0:0:N:N:00:0:N::903:2:03:::mobileTAN-Verfahren:6:1:Freigabe durch mobileTAN:1:N:1:N:0:0:N:N:00:0:N::904:2:04:::appTAN-Verfahren:6:1:Freigabe durch appTAN:1:N:1:N:0:0:N:N:00:0:N::905:2:MS1.0.0:::photoTAN-Verfahren:6:1:Freigabe durch photoTAN:1:N:1:N:0:0:N:N:00:0:N:'XIDTBS:54:2:4+999+1+1+J:J'XIDTDS:55:1:4+999+1+1+15:30'XIDTFS:56:1:4+999+1+1+15:30'XIDTLS:57:1:4+999+1+1'HISPAS:58:1:4+1+1+1+N:N:J:urn?:iso?:std?:iso?:20022?:tech?:xsd?:pain.001.003.03:urn?:iso?:std?:iso?:20022?:tech?:xsd?:pain.001.001.03:urn?:iso?:std?:iso?:20022?:tech?:xsd?:pain.008.003.02:urn?:iso?:std?:iso?:20022?:tech?:xsd?:pain.008.001.02'HICCSS:59:1:4+999+1+1'HICSES:60:1:4+999+1+1+1:90'HICSBS:61:1:4+999+1+1+N:N'HICSLS:62:1:4+999+1+1+J'HICCMS:63:1:4+999+1+1+5000:J:J'HICMES:64:1:4+999+1+1+1:60:5000:J:J'HIDMES:65:1:4+999+1+1+1:60:1:60:5000:J:J'HIDMES:66:2:4+999+1+1+0;0;1;120000:0;0;60:5000:J:J::urn?:iso?:std?:iso?:20022?:tech?:xsd?:pain.008.003.02:urn?:iso?:std?:iso?:20022?:tech?:xsd?:pain.008.001.02'HIBMES:67:1:4+999+1+1+1:60:1:60:5000:J:J'HIBMES:68:2:4+999+1+1+0;1;120000:0;60:5000:J:J::urn?:iso?:std?:iso?:20022?:tech?:xsd?:pain.008.003.02:urn?:iso?:std?:iso?:20022?:tech?:xsd?:pain.008.001.02'HICUBS:69:1:4+999+1+1+N'HICUMS:70:1:4+999+1+1+ACCT:urn?:iso?:std?:iso?:20022?:tech?:xsd?:pain.001.003.03:urn?:iso?:std?:iso?:20022?:tech?:xsd?:pain.001.001.03'HIDSBS:71:1:4+999+1+1+N:J:56'HIDSWS:72:1:4+999+1+1+J'HICDES:73:1:4+999+1+1+2:1:365:0102030612:0102030405060708091011121314151617181920212223242526272829303199'HICDBS:74:1:4+999+1+1+N'HICDLS:75:1:4+999+1+1+1:365:N:J'HICDNS:76:1:4+999+1+1+0:1:365:J:J:J:J:N:N:N:N:J:0102030612:0102030405060708091011121314151617181920212223242526272829303199'HICDUS:77:1:4+999+1+1+1:1:365:1:N:N'XIMIBS:78:1:4+999+1+1+999'HICSUS:79:1:4+999+1+1+ACCT:urn?:iso?:std?:iso?:20022?:tech?:xsd?:pain.001.003.03:urn?:iso?:std?:iso?:20022?:tech?:xsd?:pain.001.001.03'XIDPBS:80:1:4+999+1+1'HIIPZS:81:1:4+990+1+1+:urn?:iso?:std?:iso?:20022?:tech?:xsd?:pain.001.001.03'HIIPSS:82:1:4+990+1+1+3:urn?:iso?:std?:iso?:20022?:tech?:xsd?:pain.001.001.03'HIFPBS:83:2:4+1+1+1+N:N:N'HIBAZS:84:1:4+999+1+1+N:N:N'HIZDAS:85:1:4+999+1+1+30'HIZDFS:86:1:4+999+1+1+30'HIZDLS:87:1:4+999+1+1'HIFDLS:88:3:4+999+1+1+N:370'HIFDAS:89:3:4+999+1+1+1;MT515;SRG 1998:1;MT536;SRG 1998:1;MT566;SRG 1999'HIWDUS:90:5:4+999+1+1+370'HIWSOS:91:5:4+999+1+1+N:J:370'HISYN:92:4:5+202110161952282641570062259574'
mode: pintan
rdhtype: 1
hbciVersion: 300
tokenType: pintan
crypt: no
sender: user
gwenhywfar: 5.7.3.0
aqhbci: 6.3.2.0stable
appname: 32F8A67FE34B57AB8D7E4FE70
appversion: 6.3
size: 213

HNSHK:2:4+PIN:1+999+20211016175228+1+1+1::202110161952282641570062259574+1+1:20211016:175228+1:999:1+6:10:16+280:70020270:1935220770:S:0:0'HKEND:3:1+20211016195228047702sGfjIlH3WT'HNSHA:4:2+20211016175228++******'
mode: pintan
rdhtype: 1
hbciVersion: 300
tokenType: pintan
crypt: yes
sender: user
gwenhywfar: 5.7.3.0
aqhbci: 6.3.2.0stable
appname: 32F8A67FE34B57AB8D7E4FE70
appversion: 6.3
size: 434

HNHBK:1:3+000000000434+300+20211016195228047702sGfjIlH3WT+2'HNVSK:998:3+PIN:1+998+1+1::202110161952282641570062259574+1:20211016:175228+2:2:13:@8@XXXXXXXX:5:1+280:70020270:1935220770:V:0:0+0'HNVSD:999:1+@213@HNSHK:2:4+PIN:1+999+20211016175228+1+1+1::202110161952282641570062259574+1+1:20211016:175228+1:999:1+6:10:16+280:70020270:1935220770:S:0:0'HKEND:3:1+20211016195228047702sGfjIlH3WT'HNSHA:4:2+20211016175228++******''HNHBS:5:1+2'
mode: pintan
rdhtype: 1
hbciVersion: 300
tokenType: pintan
crypt: yes
sender: bank
gwenhywfar: 5.7.3.0
aqhbci: 6.3.2.0stable
appname: 32F8A67FE34B57AB8D7E4FE70
appversion: 6.3
size: 326

HNHBK:1:3+000000000326+300+20211016195228047702sGfjIlH3WT+2+20211016195228047702sGfjIlH3WT:2'HNVSK:998:3+PIN:1+998+1+2::202110161952282641570062259574+1:20211016:195228+2:2:13:@3@;-):5:1+280:70020270:1935220770:V:0:0+0'HNVSD:999:1+@78@HIRMG:2:2+0010::Nachricht entgegengenommen.'HIRMS:3:2:3+0100::Dialog beendet.''HNHBS:4:1+2'
mode: pintan
rdhtype: 1
hbciVersion: 300
tokenType: pintan
crypt: no
sender: bank
gwenhywfar: 5.7.3.0
aqhbci: 6.3.2.0stable
appname: 32F8A67FE34B57AB8D7E4FE70
appversion: 6.3
size: 78

HIRMG:2:2+0010::Nachricht entgegengenommen.'HIRMS:3:2:3+0100::Dialog beendet.'
